<?xml version="1.0" encoding="UTF-8"?>
<testng-results ignored="0" total="1" passed="1" failed="0" skipped="0">
  <reporter-output>
  </reporter-output>
  <suite started-at="2026-06-15T16:03:09 IST" name="Default suite" finished-at="2026-06-15T16:03:12 IST" duration-ms="3082">
    <groups>
    </groups>
    <test started-at="2026-06-15T16:03:09 IST" name="Default test" finished-at="2026-06-15T16:03:12 IST" duration-ms="3082">
      <class name="in.Demo_RestAssured.GetUserTest">
        <test-method signature="getUserTest()[pri:0, instance:in.Demo_RestAssured.GetUserTest@7bbc8656]" started-at="2026-06-15T16:03:09 IST" name="getUserTest" finished-at="2026-06-15T16:03:12 IST" duration-ms="2952" status="PASS">
          <reporter-output>
          </reporter-output>
        </test-method> <!-- getUserTest -->
      </class> <!-- in.Demo_RestAssured.GetUserTest -->
    </test> <!-- Default test -->
  </suite> <!-- Default suite -->
</testng-results>
